TN:
SF:app.js
FN:30,(anonymous_0)
FN:35,(anonymous_1)
FNF:2
FNH:2
FNDA:2,(anonymous_0)
FNDA:37,(anonymous_1)
DA:5,4
DA:6,4
DA:8,4
DA:10,4
DA:11,4
DA:12,4
DA:13,4
DA:15,4
DA:17,4
DA:19,4
DA:20,4
DA:21,4
DA:22,4
DA:24,4
DA:25,4
DA:26,4
DA:30,4
DA:31,2
DA:35,4
DA:36,37
DA:39,37
DA:41,37
DA:46,4
LF:23
LH:23
BRDA:36,0,0,1
BRDA:36,0,1,36
BRF:2
BRH:2
end_of_record
TN:
SF:config.js
FN:13,getDatabaseUri
FNF:1
FNH:1
FNDA:10,getDatabaseUri
DA:5,9
DA:6,9
DA:8,9
DA:10,9
DA:14,10
DA:21,9
DA:23,9
DA:24,1
DA:34,9
LF:9
LH:9
BRDA:8,0,0,9
BRDA:8,0,1,8
BRDA:10,1,0,9
BRDA:10,1,1,8
BRDA:14,2,0,7
BRDA:14,2,1,3
BRDA:16,3,0,3
BRDA:16,3,1,1
BRDA:21,4,0,8
BRDA:21,4,1,1
BRDA:23,5,0,1
BRDA:23,5,1,8
BRF:12
BRH:12
end_of_record
TN:
SF:db.js
FN:14,connectDb
FNF:1
FNH:1
FNDA:6,connectDb
DA:5,6
DA:6,6
DA:8,6
DA:10,6
DA:16,6
DA:17,6
DA:18,6
DA:19,6
DA:25,6
DA:27,6
LF:10
LH:10
BRF:0
BRH:0
end_of_record
TN:
SF:expressError.js
FN:10,(anonymous_0)
FN:20,(anonymous_1)
FN:28,(anonymous_2)
FN:36,(anonymous_3)
FN:44,(anonymous_4)
FNF:5
FNH:4
FNDA:57,(anonymous_0)
FNDA:14,(anonymous_1)
FNDA:26,(anonymous_2)
FNDA:17,(anonymous_3)
FNDA:0,(anonymous_4)
DA:11,57
DA:12,57
DA:13,57
DA:21,14
DA:29,26
DA:37,17
DA:45,0
DA:49,8
LF:8
LH:7
BRDA:20,0,0,2
BRDA:28,1,0,22
BRDA:36,2,0,0
BRDA:44,3,0,0
BRF:4
BRH:2
end_of_record
TN:
SF:helpers/sql.js
FN:26,sqlForPartialUpdate
FN:31,(anonymous_1)
FNF:2
FNH:2
FNDA:17,sqlForPartialUpdate
FNDA:26,(anonymous_1)
DA:3,7
DA:27,17
DA:28,17
DA:31,14
DA:32,26
DA:35,14
DA:41,7
LF:7
LH:7
BRDA:28,0,0,3
BRDA:28,0,1,14
BRDA:32,1,0,26
BRDA:32,1,1,12
BRF:4
BRH:4
end_of_record
TN:
SF:helpers/tokens.js
FN:8,createToken
FNF:1
FNH:1
FNDA:16,createToken
DA:3,5
DA:4,5
DA:9,16
DA:14,16
DA:17,5
LF:5
LH:5
BRF:0
BRH:0
end_of_record
TN:
SF:middleware/auth.js
FN:18,authenticateJWT
FN:38,ensureLoggedIn
FN:49,ensureIsAdmin
FN:61,ensureIsAdminOrSpecifiedUser
FNF:4
FNH:4
FNDA:61,authenticateJWT
FNDA:3,ensureLoggedIn
FNDA:27,ensureIsAdmin
FNDA:21,ensureIsAdminOrSpecifiedUser
DA:5,5
DA:6,5
DA:7,5
DA:19,61
DA:20,61
DA:21,35
DA:23,35
DA:24,35
DA:29,61
DA:39,3
DA:40,2
DA:50,27
DA:51,12
DA:62,21
DA:63,13
DA:64,8
DA:69,5
LF:17
LH:17
BRDA:20,0,0,35
BRDA:20,0,1,26
BRDA:39,1,0,1
BRDA:39,1,1,2
BRDA:50,2,0,15
BRDA:50,2,1,12
BRDA:50,3,0,27
BRDA:50,3,1,15
BRDA:62,4,0,13
BRDA:62,4,1,8
BRDA:62,5,0,21
BRDA:62,5,1,7
BRDA:62,5,2,14
BRF:13
BRH:13
end_of_record
TN:
SF:models/_testCommon.js
FN:8,commonBeforeAll
FN:34,commonBeforeEach
FN:38,commonAfterEach
FN:42,commonAfterAll
FNF:4
FNH:4
FNDA:2,commonBeforeAll
FNDA:33,commonBeforeEach
FNDA:33,commonAfterEach
FNDA:2,commonAfterAll
DA:3,2
DA:5,2
DA:6,2
DA:10,2
DA:12,2
DA:14,2
DA:20,2
DA:35,33
DA:39,33
DA:43,2
DA:47,2
LF:11
LH:11
BRF:0
BRH:0
end_of_record
TN:
SF:models/company.js
FN:19,(anonymous_0)
FN:58,(anonymous_1)
FN:100,(anonymous_2)
FN:103,(anonymous_3)
FN:130,(anonymous_4)
FN:159,(anonymous_5)
FN:191,(anonymous_6)
FNF:7
FNH:7
FNDA:13,(anonymous_0)
FNDA:10,(anonymous_1)
FNDA:11,(anonymous_2)
FNDA:13,(anonymous_3)
FNDA:5,(anonymous_4)
FNDA:6,(anonymous_5)
FNDA:4,(anonymous_6)
DA:3,5
DA:4,5
DA:5,5
DA:20,13
DA:25,13
DA:26,1
DA:28,12
DA:48,12
DA:50,12
DA:59,10
DA:60,3
DA:61,1
DA:65,9
DA:67,9
DA:77,9
DA:80,9
DA:101,11
DA:103,11
DA:104,13
DA:105,8
DA:106,8
DA:108,5
DA:109,3
DA:111,2
DA:112,2
DA:116,11
DA:131,5
DA:140,5
DA:142,5
DA:144,3
DA:160,6
DA:166,5
DA:168,5
DA:178,5
DA:179,5
DA:181,5
DA:183,3
DA:192,4
DA:197,4
DA:199,4
DA:204,5
LF:41
LH:41
BRDA:25,0,0,1
BRDA:25,0,1,12
BRDA:58,1,0,1
BRDA:59,2,0,3
BRDA:59,2,1,7
BRDA:59,3,0,10
BRDA:59,3,1,3
BRDA:60,4,0,1
BRDA:60,4,1,2
BRDA:104,5,0,8
BRDA:104,5,1,5
BRDA:108,6,0,3
BRDA:108,6,1,2
BRDA:111,7,0,2
BRDA:111,7,1,0
BRDA:117,8,0,8
BRDA:117,8,1,3
BRDA:142,9,0,2
BRDA:142,9,1,3
BRDA:181,10,0,2
BRDA:181,10,1,3
BRDA:199,11,0,2
BRDA:199,11,1,2
BRF:23
BRH:22
end_of_record
TN:
SF:models/user.js
FN:24,(anonymous_0)
FN:58,(anonymous_1)
FN:106,(anonymous_2)
FN:128,(anonymous_3)
FN:163,(anonymous_4)
FN:197,(anonymous_5)
FNF:6
FNH:6
FNDA:7,(anonymous_0)
FNDA:16,(anonymous_1)
FNDA:2,(anonymous_2)
FNDA:5,(anonymous_3)
FNDA:8,(anonymous_4)
FNDA:5,(anonymous_5)
DA:3,5
DA:4,5
DA:5,5
DA:10,5
DA:12,5
DA:26,7
DA:37,7
DA:39,7
DA:41,4
DA:42,4
DA:43,3
DA:44,3
DA:48,4
DA:60,16
DA:66,16
DA:67,1
DA:70,15
DA:72,15
DA:96,15
DA:98,15
DA:107,2
DA:117,2
DA:129,5
DA:139,5
DA:141,5
DA:143,3
DA:164,8
DA:165,2
DA:168,8
DA:175,7
DA:177,7
DA:186,7
DA:187,7
DA:189,7
DA:191,5
DA:192,5
DA:198,5
DA:204,5
DA:206,5
DA:211,5
LF:40
LH:40
BRDA:39,0,0,4
BRDA:39,0,1,3
BRDA:42,1,0,3
BRDA:42,1,1,1
BRDA:66,2,0,1
BRDA:66,2,1,15
BRDA:141,3,0,2
BRDA:141,3,1,3
BRDA:164,4,0,2
BRDA:164,4,1,6
BRDA:189,5,0,2
BRDA:189,5,1,5
BRDA:206,6,0,2
BRDA:206,6,1,3
BRF:14
BRH:14
end_of_record
TN:
SF:routes/_testCommon.js
FN:8,commonBeforeAll
FN:65,commonBeforeEach
FN:69,commonAfterEach
FN:73,commonAfterAll
FNF:4
FNH:4
FNDA:3,commonBeforeAll
FNDA:56,commonBeforeEach
FNDA:56,commonAfterEach
FNDA:3,commonAfterAll
DA:3,3
DA:4,3
DA:5,3
DA:6,3
DA:10,3
DA:12,3
DA:14,3
DA:22,3
DA:30,3
DA:39,3
DA:47,3
DA:55,3
DA:66,56
DA:70,56
DA:74,3
DA:78,3
DA:79,3
DA:80,3
DA:82,3
LF:19
LH:19
BRF:0
BRH:0
end_of_record
TN:
SF:routes/auth.js
FN:22,(anonymous_0)
FN:29,(anonymous_1)
FN:49,(anonymous_2)
FN:56,(anonymous_3)
FNF:4
FNH:4
FNDA:5,(anonymous_0)
FNDA:2,(anonymous_1)
FNDA:3,(anonymous_2)
FNDA:5,(anonymous_3)
DA:5,4
DA:7,4
DA:8,4
DA:9,4
DA:10,4
DA:11,4
DA:12,4
DA:13,4
DA:22,4
DA:23,5
DA:28,5
DA:29,2
DA:30,2
DA:33,3
DA:34,3
DA:35,1
DA:36,1
DA:49,4
DA:50,3
DA:55,3
DA:56,5
DA:57,2
DA:60,1
DA:61,1
DA:62,1
DA:66,4
LF:26
LH:26
BRDA:28,0,0,2
BRDA:28,0,1,3
BRDA:55,1,0,2
BRDA:55,1,1,1
BRF:4
BRH:4
end_of_record
TN:
SF:routes/companies.js
FN:28,(anonymous_0)
FN:35,(anonymous_1)
FN:54,(anonymous_2)
FN:70,(anonymous_3)
FN:86,(anonymous_4)
FN:103,(anonymous_5)
FN:110,(anonymous_6)
FN:124,(anonymous_7)
FNF:8
FNH:7
FNDA:3,(anonymous_0)
FNDA:3,(anonymous_1)
FNDA:4,(anonymous_2)
FNDA:0,(anonymous_3)
FNDA:3,(anonymous_4)
FNDA:4,(anonymous_5)
FNDA:2,(anonymous_6)
FNDA:2,(anonymous_7)
DA:5,4
DA:6,4
DA:8,4
DA:9,4
DA:10,4
DA:12,4
DA:13,4
DA:14,4
DA:16,4
DA:28,4
DA:29,3
DA:34,3
DA:35,3
DA:36,2
DA:39,1
DA:40,1
DA:54,4
DA:55,4
DA:57,4
DA:58,1
DA:61,4
DA:62,1
DA:65,4
DA:69,4
DA:70,0
DA:71,0
DA:74,4
DA:75,4
DA:86,4
DA:87,3
DA:88,2
DA:102,4
DA:104,4
DA:109,4
DA:110,2
DA:111,2
DA:114,2
DA:115,1
DA:123,4
DA:125,2
DA:126,1
DA:130,4
LF:42
LH:40
BRDA:34,0,0,2
BRDA:34,0,1,1
BRDA:57,1,0,1
BRDA:57,1,1,3
BRDA:61,2,0,1
BRDA:61,2,1,3
BRDA:69,3,0,0
BRDA:69,3,1,4
BRDA:109,4,0,2
BRDA:109,4,1,2
BRF:10
BRH:9
end_of_record
TN:
SF:routes/users.js
FN:32,(anonymous_0)
FN:39,(anonymous_1)
FN:57,(anonymous_2)
FN:71,(anonymous_3)
FN:88,(anonymous_4)
FN:95,(anonymous_5)
FN:110,(anonymous_6)
FNF:7
FNH:7
FNDA:4,(anonymous_0)
FNDA:5,(anonymous_1)
FNDA:1,(anonymous_2)
FNDA:3,(anonymous_3)
FNDA:5,(anonymous_4)
FNDA:1,(anonymous_5)
FNDA:3,(anonymous_6)
DA:5,4
DA:7,4
DA:9,4
DA:10,4
DA:11,4
DA:12,4
DA:13,4
DA:14,4
DA:16,4
DA:31,4
DA:33,4
DA:38,4
DA:39,5
DA:40,2
DA:43,2
DA:44,2
DA:45,2
DA:56,4
DA:58,1
DA:59,1
DA:70,4
DA:72,3
DA:73,2
DA:87,4
DA:89,5
DA:94,5
DA:95,1
DA:96,1
DA:99,4
DA:100,3
DA:109,4
DA:111,3
DA:112,2
DA:116,4
LF:34
LH:34
BRDA:38,0,0,2
BRDA:38,0,1,2
BRDA:94,1,0,1
BRDA:94,1,1,4
BRF:4
BRH:4
end_of_record
